0 info it worked if it ends with ok
1 verbose cli [ 'node', '/usr/local/bin/npm', 'start' ]
2 info using npm@1.2.14
3 info using node@v0.10.0
4 verbose read json /Users/tom.cully/devroot/foaas/package.json
5 verbose run-script [ 'prestart', 'start', 'poststart' ]
6 info prestart foaas@0.0.1
7 info start foaas@0.0.1
8 verbose unsafe-perm in lifecycle true
9 silly exec sh "-c" "./node_modules/.bin/coffee server.coffee"
10 silly sh,-c,./node_modules/.bin/coffee server.coffee,/Users/tom.cully/devroot/foaas spawning
11 info foaas@0.0.1 Failed to exec start script
12 error foaas@0.0.1 start: `./node_modules/.bin/coffee server.coffee`
12 error `sh "-c" "./node_modules/.bin/coffee server.coffee"` failed with 1
13 error Failed at the foaas@0.0.1 start script.
13 error This is most likely a problem with the foaas package,
13 error not with npm itself.
13 error Tell the author that this fails on your system:
13 error     ./node_modules/.bin/coffee server.coffee
13 error You can get their info via:
13 error     npm owner ls foaas
13 error There is likely additional logging output above.
14 error System Darwin 12.4.0
15 error command "node" "/usr/local/bin/npm" "start"
16 error cwd /Users/tom.cully/devroot/foaas
17 error node -v v0.10.0
18 error npm -v 1.2.14
19 error code ELIFECYCLE
20 verbose exit [ 1, true ]
